\BOOKMARK [0][-]{chapter*.1}{Preface}{}% 1
\BOOKMARK [0][-]{chapter*.2}{Acknowledgements}{}% 2
\BOOKMARK [0][-]{chapter.1}{eco-system}{}% 3
\BOOKMARK [1][-]{section.1.1}{ocamlbuild}{chapter.1}% 4
\BOOKMARK [1][-]{section.1.2}{godi}{chapter.1}% 5
\BOOKMARK [1][-]{section.1.3}{ocamlfind}{chapter.1}% 6
\BOOKMARK [1][-]{section.1.4}{toplevel}{chapter.1}% 7
\BOOKMARK [1][-]{section.1.5}{git}{chapter.1}% 8
\BOOKMARK [0][-]{chapter.2}{lexing}{}% 9
\BOOKMARK [1][-]{section.2.1}{lexing-ulex-ocamllex}{chapter.2}% 10
\BOOKMARK [0][-]{chapter.3}{parsing}{}% 11
\BOOKMARK [1][-]{section.3.1}{ocamlyacc or menhir}{chapter.3}% 12
\BOOKMARK [0][-]{chapter.4}{Camlp4}{}% 13
\BOOKMARK [1][-]{section.4.1}{Breif intro to parser}{chapter.4}% 14
\BOOKMARK [1][-]{section.4.2}{Basics Command Lines}{chapter.4}% 15
\BOOKMARK [1][-]{section.4.3}{Ast Transformation}{chapter.4}% 16
\BOOKMARK [1][-]{section.4.4}{Revised syntax}{chapter.4}% 17
\BOOKMARK [1][-]{section.4.5}{Experimentation Environment}{chapter.4}% 18
\BOOKMARK [1][-]{section.4.6}{Extensible Parser}{chapter.4}% 19
\BOOKMARK [1][-]{section.4.7}{Rewrite of Jake's blog}{chapter.4}% 20
\BOOKMARK [1][-]{section.4.8}{Useful links}{chapter.4}% 21
\BOOKMARK [0][-]{chapter.5}{practical parts}{}% 22
\BOOKMARK [1][-]{section.5.1}{batteries}{chapter.5}% 23
\BOOKMARK [2][-]{section*.8}{syntax extension}{section.5.1}% 24
\BOOKMARK [2][-]{subsection.5.1.1}{Dev}{section.5.1}% 25
\BOOKMARK [2][-]{subsection.5.1.2}{BOLT}{section.5.1}% 26
\BOOKMARK [1][-]{section.5.2}{Mikmatch}{chapter.5}% 27
\BOOKMARK [1][-]{section.5.3}{pa-do}{chapter.5}% 28
\BOOKMARK [1][-]{section.5.4}{num}{chapter.5}% 29
\BOOKMARK [1][-]{section.5.5}{caml-inspect}{chapter.5}% 30
\BOOKMARK [1][-]{section.5.6}{ocamlgraph}{chapter.5}% 31
\BOOKMARK [1][-]{section.5.7}{pa-monad}{chapter.5}% 32
\BOOKMARK [1][-]{section.5.8}{bigarray}{chapter.5}% 33
\BOOKMARK [1][-]{section.5.9}{sexplib}{chapter.5}% 34
\BOOKMARK [1][-]{section.5.10}{bin-prot}{chapter.5}% 35
\BOOKMARK [1][-]{section.5.11}{fieldslib}{chapter.5}% 36
\BOOKMARK [1][-]{section.5.12}{variantslib}{chapter.5}% 37
\BOOKMARK [1][-]{section.5.13}{delimited continuations}{chapter.5}% 38
\BOOKMARK [1][-]{section.5.14}{Modules}{chapter.5}% 39
\BOOKMARK [0][-]{chapter.6}{Runtime}{}% 40
\BOOKMARK [0][-]{chapter.7}{GC}{}% 41
\BOOKMARK [0][-]{chapter.8}{Object-oriented}{}% 42
\BOOKMARK [0][-]{chapter.9}{complex language features}{}% 43
\BOOKMARK [1][-]{section.9.1}{stream expression}{chapter.9}% 44
\BOOKMARK [1][-]{section.9.2}{GADT}{chapter.9}% 45
\BOOKMARK [1][-]{section.9.3}{module}{chapter.9}% 46
\BOOKMARK [1][-]{section.9.4}{pahantom}{chapter.9}% 47
\BOOKMARK [1][-]{section.9.5}{posit}{chapter.9}% 48
\BOOKMARK [1][-]{section.9.6}{private types}{chapter.9}% 49
\BOOKMARK [1][-]{section.9.7}{Explicit nameing of type variables}{chapter.9}% 50
\BOOKMARK [1][-]{section.9.8}{The module Language}{chapter.9}% 51
\BOOKMARK [0][-]{chapter.10}{subtle bugs}{}% 52
\BOOKMARK [1][-]{section.10.1}{Reload duplicate modules }{chapter.10}% 53
\BOOKMARK [0][-]{chapter.11}{interoperating with C}{}% 54
\BOOKMARK [0][-]{chapter.12}{Book}{}% 55
\BOOKMARK [1][-]{subsection.12.0.1}{Developing Applications with Objective Caml}{chapter.12}% 56
\BOOKMARK [2][-]{section*.15}{chap7 Development Tools}{subsection.12.0.1}% 57
\BOOKMARK [2][-]{subsection.12.0.2}{Ocaml for scientists}{subsection.12.0.1}% 58
\BOOKMARK [2][-]{subsection.12.0.3}{caltech ocaml book}{subsection.12.0.1}% 59
\BOOKMARK [2][-]{subsection.12.0.4}{The functional approach to programming}{subsection.12.0.1}% 60
\BOOKMARK [2][-]{subsection.12.0.5}{practical ocaml}{subsection.12.0.1}% 61
\BOOKMARK [2][-]{subsection.12.0.6}{hol-light}{subsection.12.0.1}% 62
\BOOKMARK [1][-]{section.12.1}{UNIX system programming in ocaml}{chapter.12}% 63
\BOOKMARK [2][-]{subsection.12.1.1}{chap1}{section.12.1}% 64
\BOOKMARK [2][-]{subsection.12.1.2}{chap2}{section.12.1}% 65
\BOOKMARK [2][-]{subsection.12.1.3}{chap3}{section.12.1}% 66
\BOOKMARK [2][-]{subsection.12.1.4}{practical ocaml}{section.12.1}% 67
\BOOKMARK [2][-]{subsection.12.1.5}{tricks}{section.12.1}% 68
\BOOKMARK [2][-]{subsection.12.1.6}{ocaml blogs}{section.12.1}% 69
